\BOOKMARK [1][-]{section.1}{\376\377\145\160\213\272}{}% 1
\BOOKMARK [2][-]{subsection.1.1}{\376\377\137\353\220\037\154\102\220\006\121\103}{section.1}% 2
\BOOKMARK [2][-]{subsection.1.2}{\376\377\203\253\153\324\116\114\145\257\123\315\157\024}{section.1}% 3
\BOOKMARK [2][-]{subsection.1.3}{\376\377\142\151\134\125\153\047\121\340\221\314\137\267\173\227\154\325}{section.1}% 4
\BOOKMARK [2][-]{subsection.1.4}{\376\377\116\055\126\375\122\151\117\131\133\232\164\006}{section.1}% 5
\BOOKMARK [2][-]{subsection.1.5}{\376\377\116\055\126\375\122\151\117\131\133\232\164\006\0002}{section.1}% 6
\BOOKMARK [2][-]{subsection.1.6}{\376\377\176\304\124\010\145\160\123\326\152\041}{section.1}% 7
\BOOKMARK [2][-]{subsection.1.7}{\376\377\142\151\134\125\134\017\153\145\131\047\153\145}{section.1}% 8
\BOOKMARK [2][-]{subsection.1.8}{\376\377\123\142\123\141\145\257\133\232\164\006}{section.1}% 9
\BOOKMARK [2][-]{subsection.1.9}{\376\377\134\017\153\145\131\047\153\145}{section.1}% 10
\BOOKMARK [2][-]{subsection.1.10}{\376\377\000M\000i\000l\000l\000e\000r\000\040\000R\000a\000b\000i\000n\000\040\175\040\145\160\155\113\213\325}{section.1}% 11
\BOOKMARK [2][-]{subsection.1.11}{\376\377\000P\000o\000l\000l\000a\000r\000d\000\040\000R\000h\000o\000\040\131\047\145\160\122\006\211\343}{section.1}% 12
\BOOKMARK [2][-]{subsection.1.12}{\376\377\137\353\220\037\145\160\213\272\123\330\143\142\000\050\000z\000k\000y\000\051}{section.1}% 13
\BOOKMARK [2][-]{subsection.1.13}{\376\377\123\237\150\071}{section.1}% 14
\BOOKMARK [2][-]{subsection.1.14}{\376\377\176\277\140\047\220\022\143\250}{section.1}% 15
\BOOKMARK [2][-]{subsection.1.15}{\376\377\176\277\140\047\173\133}{section.1}% 16
\BOOKMARK [2][-]{subsection.1.16}{\376\377\166\364\176\277\116\013\145\164\160\271\116\052\145\160}{section.1}% 17
\BOOKMARK [1][-]{section.2}{\376\377\145\160\120\074}{}% 18
\BOOKMARK [2][-]{subsection.2.1}{\376\377\232\330\145\257\155\210\121\103}{section.2}% 19
\BOOKMARK [2][-]{subsection.2.2}{\376\377\137\353\220\037\120\205\172\313\123\366\123\330\143\142}{section.2}% 20
\BOOKMARK [2][-]{subsection.2.3}{\376\377\123\125\176\257\137\142\154\325\154\102\211\343\176\277\140\047\211\304\122\022}{section.2}% 21
\BOOKMARK [2][-]{subsection.2.4}{\376\377\201\352\220\002\136\224\217\233\146\156\150\356}{section.2}% 22
\BOOKMARK [2][-]{subsection.2.5}{\376\377\131\032\230\171\137\017\154\102\150\071}{section.2}% 23
\BOOKMARK [1][-]{section.3}{\376\377\145\160\143\156\176\323\147\204}{}% 24
\BOOKMARK [2][-]{subsection.3.1}{\376\377\136\163\210\141\166\204\116\214\123\311\147\345\142\176\150\021}{section.3}% 25
\BOOKMARK [3][-]{subsubsection.3.1.1}{\376\377\000T\000r\000e\000a\000p}{subsection.3.1}% 26
\BOOKMARK [3][-]{subsubsection.3.1.2}{\376\377\000S\000p\000l\000a\000y}{subsection.3.1}% 27
\BOOKMARK [2][-]{subsection.3.2}{\376\377\127\132\126\372\166\204\145\160\143\156\176\323\147\204}{section.3}% 28
\BOOKMARK [3][-]{subsubsection.3.2.1}{\376\377\127\132\126\372\166\204\136\163\210\141\150\021}{subsection.3.2}% 29
\BOOKMARK [3][-]{subsubsection.3.2.2}{\376\377\127\132\126\372\166\204\133\127\173\046\116\062}{subsection.3.2}% 30
\BOOKMARK [3][-]{subsubsection.3.2.3}{\376\377\127\132\126\372\166\204\135\346\120\117\150\021}{subsection.3.2}% 31
\BOOKMARK [3][-]{subsubsection.3.2.4}{\376\377\116\015\127\132\126\372\166\204\145\234\130\006}{subsection.3.2}% 32
\BOOKMARK [2][-]{subsection.3.3}{\376\377\150\021\116\012\166\204\233\124\147\057\136\010}{section.3}% 33
\BOOKMARK [3][-]{subsubsection.3.3.1}{\376\377\217\173\221\315\150\021\224\376\122\126\122\006\000\050\000z\000k\000y\000\051}{subsection.3.3}% 34
\BOOKMARK [3][-]{subsubsection.3.3.2}{\376\377\000L\000i\000n\000k\000\040\000C\000u\000t\000\040\000T\000r\000e\000e\000\050\000z\000k\000y\000\051}{subsection.3.3}% 35
\BOOKMARK [3][-]{subsubsection.3.3.3}{\376\377\000A\000A\000A\000\040\000T\000r\000e\000e}{subsection.3.3}% 36
\BOOKMARK [2][-]{subsection.3.4}{\376\377\000S\000T}{section.3}% 37
\BOOKMARK [2][-]{subsection.3.5}{\376\377\123\357\143\001\116\105\123\026\176\277\153\265\150\021}{section.3}% 38
\BOOKMARK [2][-]{subsection.3.6}{\376\377\123\357\143\001\116\105\123\026\000T\000r\000i\000e}{section.3}% 39
\BOOKMARK [2][-]{subsection.3.7}{\376\377\000k\000-\000d\150\021}{section.3}% 40
\BOOKMARK [2][-]{subsection.3.8}{\376\377\203\253\226\037\173\227\154\325}{section.3}% 41
\BOOKMARK [2][-]{subsection.3.9}{\376\377\150\021\116\012\127\050\176\277\203\253\226\037}{section.3}% 42
\BOOKMARK [2][-]{subsection.3.10}{\376\377\145\164\117\123\116\214\122\006}{section.3}% 43
\BOOKMARK [2][-]{subsection.3.11}{\376\377\150\021\162\266\145\160\176\304\000k\000t\000h}{section.3}% 44
\BOOKMARK [2][-]{subsection.3.12}{\376\377\206\132\150\021}{section.3}% 45
\BOOKMARK [2][-]{subsection.3.13}{\376\377\160\271\122\006\154\273\000\050\000z\000k\000y\000\051}{section.3}% 46
\BOOKMARK [2][-]{subsection.3.14}{\376\377\121\103\202\263\150\021}{section.3}% 47
\BOOKMARK [1][-]{section.4}{\376\377\126\376\213\272}{}% 48
\BOOKMARK [2][-]{subsection.4.1}{\376\377\137\072\217\336\220\032\122\006\221\317}{section.4}% 49
\BOOKMARK [2][-]{subsection.4.2}{\376\377\0002\000-\000S\000A\000T\225\356\230\230}{section.4}% 50
\BOOKMARK [2][-]{subsection.4.3}{\376\377\116\214\122\006\126\376\147\000\131\047\123\071\221\115}{section.4}% 51
\BOOKMARK [3][-]{subsubsection.4.3.1}{\376\377\000H\000u\000n\000g\000a\000r\000y\173\227\154\325}{subsection.4.3}% 52
\BOOKMARK [3][-]{subsubsection.4.3.2}{\376\377\000H\000o\000p\000c\000r\000o\000f\000t\000\040\000K\000a\000r\000p\173\227\154\325}{subsection.4.3}% 53
\BOOKMARK [2][-]{subsection.4.4}{\376\377\116\214\122\006\126\376\147\000\131\047\147\103\123\071\221\115}{section.4}% 54
\BOOKMARK [2][-]{subsection.4.5}{\376\377\147\000\131\047\155\101\000\050\000d\000i\000n\000i\000c\000\051}{section.4}% 55
\BOOKMARK [2][-]{subsection.4.6}{\376\377\147\000\131\047\155\101\000\050\000s\000a\000p\000\051}{section.4}% 56
\BOOKMARK [2][-]{subsection.4.7}{\376\377\147\000\134\017\215\071\165\050\147\000\131\047\155\101}{section.4}% 57
\BOOKMARK [3][-]{subsubsection.4.7.1}{\376\377\172\000\165\217\126\376}{subsection.4.7}% 58
\BOOKMARK [3][-]{subsubsection.4.7.2}{\376\377\172\040\133\306\126\376}{subsection.4.7}% 59
\BOOKMARK [2][-]{subsection.4.8}{\376\377\116\000\202\054\126\376\147\000\131\047\123\071\221\115}{section.4}% 60
\BOOKMARK [2][-]{subsection.4.9}{\376\377\145\340\124\021\126\376\121\150\134\100\147\000\134\017\122\162}{section.4}% 61
\BOOKMARK [2][-]{subsection.4.10}{\376\377\147\011\150\071\150\021\166\204\124\014\147\204}{section.4}% 62
\BOOKMARK [2][-]{subsection.4.11}{\376\377\137\046\126\376\122\044\133\232}{section.4}% 63
\BOOKMARK [2][-]{subsection.4.12}{\376\377\137\046\126\376\154\102\147\000\131\047\126\342}{section.4}% 64
\BOOKMARK [2][-]{subsection.4.13}{\376\377\147\000\131\047\126\342\144\034\175\042}{section.4}% 65
\BOOKMARK [2][-]{subsection.4.14}{\376\377\147\201\131\047\126\342\213\241\145\160}{section.4}% 66
\BOOKMARK [2][-]{subsection.4.15}{\376\377\147\000\134\017\150\021\137\142\126\376}{section.4}% 67
\BOOKMARK [2][-]{subsection.4.16}{\376\377\136\246\226\120\122\066\165\037\142\020\150\021}{section.4}% 68
\BOOKMARK [2][-]{subsection.4.17}{\376\377\124\310\133\306\134\024\230\177\126\336\215\357\377\010\000O\000R\000E\140\047\215\050\166\204\126\376\377\011}{section.4}% 69
\BOOKMARK [2][-]{subsection.4.18}{\376\377\137\305\176\317\160\271\150\021}{section.4}% 70
\BOOKMARK [1][-]{section.5}{\376\377\133\127\173\046\116\062}{}% 71
\BOOKMARK [2][-]{subsection.5.1}{\376\377\152\041\137\017\123\071\221\115}{section.5}% 72
\BOOKMARK [3][-]{subsubsection.5.1.1}{\376\377\000K\000M\000P\173\227\154\325}{subsection.5.1}% 73
\BOOKMARK [3][-]{subsubsection.5.1.2}{\376\377\142\151\134\125\000K\000M\000P\173\227\154\325}{subsection.5.1}% 74
\BOOKMARK [3][-]{subsubsection.5.1.3}{\376\377\000A\000C\201\352\122\250\147\072}{subsection.5.1}% 75
\BOOKMARK [2][-]{subsection.5.2}{\376\377\124\016\177\000\116\011\131\320\131\271}{section.5}% 76
\BOOKMARK [3][-]{subsubsection.5.2.1}{\376\377\124\016\177\000\145\160\176\304}{subsection.5.2}% 77
\BOOKMARK [3][-]{subsubsection.5.2.2}{\376\377\124\016\177\000\145\160\176\304\000\050\000d\000c\0003\000\051}{subsection.5.2}% 78
\BOOKMARK [3][-]{subsubsection.5.2.3}{\376\377\124\016\177\000\201\352\122\250\147\072\000-\131\032\116\062\000L\000C\000S}{subsection.5.2}% 79
\BOOKMARK [3][-]{subsubsection.5.2.4}{\376\377\124\016\177\000\201\352\122\250\147\072\000-\124\004\225\177\136\246\133\127\116\062\121\372\163\260\153\041\145\160\147\000\131\047\120\074}{subsection.5.2}% 80
\BOOKMARK [3][-]{subsubsection.5.2.5}{\376\377\124\016\177\000\201\352\122\250\147\072\000-\116\044\116\062\000L\000C\000S}{subsection.5.2}% 81
\BOOKMARK [2][-]{subsection.5.3}{\376\377\126\336\145\207\116\011\121\104\137\037}{section.5}% 82
\BOOKMARK [3][-]{subsubsection.5.3.1}{\376\377\232\154\142\311\217\146}{subsection.5.3}% 83
\BOOKMARK [3][-]{subsubsection.5.3.2}{\376\377\126\336\145\207\201\352\122\250\147\072\000\050\000z\000k\000y\000\051}{subsection.5.3}% 84
\BOOKMARK [2][-]{subsection.5.4}{\376\377\137\252\163\257\116\062\147\000\134\017\210\150\171\072}{section.5}% 85
\BOOKMARK [1][-]{section.6}{\376\377\213\241\173\227\121\340\117\125}{}% 86
\BOOKMARK [2][-]{subsection.6.1}{\376\377\116\214\176\364\121\340\117\125\127\372\170\100}{section.6}% 87
\BOOKMARK [2][-]{subsection.6.2}{\376\377\137\353\220\037\121\370\123\005}{section.6}% 88
\BOOKMARK [2][-]{subsection.6.3}{\376\377\123\112\136\163\227\142\116\244}{section.6}% 89
\BOOKMARK [2][-]{subsection.6.4}{\376\377\116\011\211\322\137\142\166\204\137\303}{section.6}% 90
\BOOKMARK [2][-]{subsection.6.5}{\376\377\127\006\116\016\131\032\217\271\137\142\227\142\171\357\116\244}{section.6}% 91
\BOOKMARK [2][-]{subsection.6.6}{\376\377\127\006\136\166\154\102\227\142\171\357}{section.6}% 92
\BOOKMARK [2][-]{subsection.6.7}{\376\377\147\000\134\017\211\206\166\326\127\006}{section.6}% 93
\BOOKMARK [2][-]{subsection.6.8}{\376\377\147\000\134\017\211\206\166\326\164\003}{section.6}% 94
\BOOKMARK [2][-]{subsection.6.9}{\376\377\116\011\176\364\121\340\117\125\127\372\170\100}{section.6}% 95
\BOOKMARK [2][-]{subsection.6.10}{\376\377\116\011\176\364\121\370\123\005}{section.6}% 96
\BOOKMARK [2][-]{subsection.6.11}{\376\377\116\011\176\364\176\325\217\164\145\313\217\154}{section.6}% 97
\BOOKMARK [2][-]{subsection.6.12}{\376\377\000D\000e\000l\000a\000u\000n\000a\000y\116\011\211\322\122\126\122\006}{section.6}% 98
\BOOKMARK [1][-]{section.7}{\376\377\121\166\116\326}{}% 99
\BOOKMARK [2][-]{subsection.7.1}{\376\377\145\257\127\146\176\263\150\021}{section.7}% 100
\BOOKMARK [2][-]{subsection.7.2}{\376\377\145\340\145\114\166\204\213\373\121\145\117\030\123\026}{section.7}% 101
\BOOKMARK [2][-]{subsection.7.3}{\376\377\147\000\134\017\150\021\137\142\126\376}{section.7}% 102
\BOOKMARK [2][-]{subsection.7.4}{\376\377\000D\000L\000X}{section.7}% 103
\BOOKMARK [2][-]{subsection.7.5}{\376\377\143\322\131\064\000D\000P}{section.7}% 104
\BOOKMARK [2][-]{subsection.7.6}{\376\377\147\320\136\164\147\320\147\010\147\320\145\345\146\057\146\037\147\037\121\340}{section.7}% 105
\BOOKMARK [2][-]{subsection.7.7}{\376\377\147\232\116\076\131\047\134\017\116\072\000k\166\204\133\120\226\306}{section.7}% 106
\BOOKMARK [2][-]{subsection.7.8}{\376\377\163\257\162\266\147\000\225\177\121\154\121\161\133\120\116\062}{section.7}% 107
\BOOKMARK [2][-]{subsection.7.9}{\376\377\000L\000L\000M\000O\000D}{section.7}% 108
\BOOKMARK [1][-]{section.8}{\376\377\000v\000i\000m\000r\000c}{}% 109
\BOOKMARK [1][-]{section.9}{\376\377\136\070\165\050\176\323\213\272}{}% 110
\BOOKMARK [2][-]{subsection.9.1}{\376\377\116\012\116\013\165\114\177\121\176\334\155\101}{section.9}% 111
\BOOKMARK [2][-]{subsection.9.2}{\376\377\116\012\116\013\165\114\215\071\165\050\155\101}{section.9}% 112
\BOOKMARK [2][-]{subsection.9.3}{\376\377\137\046\126\376\166\370\121\163}{section.9}% 113
\BOOKMARK [2][-]{subsection.9.4}{\376\377\000B\000e\000r\000n\000o\000u\000l\000l\000i\145\160}{section.9}% 114
\BOOKMARK [1][-]{section.10}{\376\377\136\070\211\301\225\031\213\357}{}% 115
\BOOKMARK [1][-]{section.11}{\376\377\155\113\213\325\122\027\210\150}{}% 116
\BOOKMARK [1][-]{section.12}{\376\377\000J\000a\000v\000a}{}% 117
\BOOKMARK [2][-]{subsection.12.1}{\376\377\127\372\170\100\152\041\147\177}{section.12}% 118
\BOOKMARK [2][-]{subsection.12.2}{\376\377\150\067\117\213\116\343\170\001}{section.12}% 119
\BOOKMARK [1][-]{section.13}{\376\377\000g\000e\000d\000i\000t}{}% 120
\BOOKMARK [1][-]{section.14}{\376\377\145\160\133\146}{}% 121
\BOOKMARK [2][-]{subsection.14.1}{\376\377\136\070\165\050\145\160\133\146\121\154\137\017}{section.14}% 122
\BOOKMARK [3][-]{subsubsection.14.1.1}{\376\377\154\102\124\214\121\154\137\017}{subsection.14.1}% 123
\BOOKMARK [3][-]{subsubsection.14.1.2}{\376\377\145\220\154\342\220\243\131\121\145\160\122\027}{subsection.14.1}% 124
\BOOKMARK [3][-]{subsubsection.14.1.3}{\376\377\225\031\143\222\121\154\137\017}{subsection.14.1}% 125
\BOOKMARK [3][-]{subsubsection.14.1.4}{\376\377\203\253\153\324\116\114\145\257\121\375\145\160}{subsection.14.1}% 126
\BOOKMARK [3][-]{subsubsection.14.1.5}{\376\377\117\057\140\151\215\133\137\267\137\025\164\006}{subsection.14.1}% 127
\BOOKMARK [3][-]{subsubsection.14.1.6}{\376\377\116\224\217\271\137\142\145\160\133\232\164\006}{subsection.14.1}% 128
\BOOKMARK [3][-]{subsubsection.14.1.7}{\376\377\150\021\166\204\213\241\145\160}{subsection.14.1}% 129
\BOOKMARK [3][-]{subsubsection.14.1.8}{\376\377\153\047\142\311\121\154\137\017}{subsection.14.1}% 130
\BOOKMARK [3][-]{subsubsection.14.1.9}{\376\377\166\256\121\113\133\232\164\006}{subsection.14.1}% 131
\BOOKMARK [3][-]{subsubsection.14.1.10}{\376\377\162\133\230\177\140\122\173\111\137\017}{subsection.14.1}% 132
\BOOKMARK [2][-]{subsection.14.2}{\376\377\136\163\227\142\121\340\117\125\121\154\137\017}{section.14}% 133
\BOOKMARK [3][-]{subsubsection.14.2.1}{\376\377\116\011\211\322\137\142}{subsection.14.2}% 134
\BOOKMARK [3][-]{subsubsection.14.2.2}{\376\377\126\333\217\271\137\142}{subsection.14.2}% 135
\BOOKMARK [3][-]{subsubsection.14.2.3}{\376\377\153\143\000n\217\271\137\142}{subsection.14.2}% 136
\BOOKMARK [3][-]{subsubsection.14.2.4}{\376\377\127\006}{subsection.14.2}% 137
\BOOKMARK [3][-]{subsubsection.14.2.5}{\376\377\150\361\147\361}{subsection.14.2}% 138
\BOOKMARK [3][-]{subsubsection.14.2.6}{\376\377\150\361\225\045}{subsection.14.2}% 139
\BOOKMARK [3][-]{subsubsection.14.2.7}{\376\377\150\361\123\360}{subsection.14.2}% 140
\BOOKMARK [3][-]{subsubsection.14.2.8}{\376\377\127\006\147\361}{subsection.14.2}% 141
\BOOKMARK [3][-]{subsubsection.14.2.9}{\376\377\127\006\225\045}{subsection.14.2}% 142
\BOOKMARK [3][-]{subsubsection.14.2.10}{\376\377\127\006\123\360}{subsection.14.2}% 143
\BOOKMARK [3][-]{subsubsection.14.2.11}{\376\377\164\003}{subsection.14.2}% 144
\BOOKMARK [3][-]{subsubsection.14.2.12}{\376\377\164\003\123\360}{subsection.14.2}% 145
\BOOKMARK [3][-]{subsubsection.14.2.13}{\376\377\164\003\142\107\137\142}{subsection.14.2}% 146
\BOOKMARK [2][-]{subsection.14.3}{\376\377\171\357\122\006\210\150}{section.14}% 147
\BOOKMARK [2][-]{subsection.14.4}{\376\377\172\313\117\123\121\340\117\125\121\154\137\017}{section.14}% 148
\BOOKMARK [3][-]{subsubsection.14.4.1}{\376\377\164\003\227\142\116\011\211\322\121\154\137\017}{subsection.14.4}% 149
\BOOKMARK [3][-]{subsubsection.14.4.2}{\376\377\126\333\227\142\117\123\117\123\171\357\121\154\137\017}{subsection.14.4}% 150
\BOOKMARK [2][-]{subsection.14.5}{\376\377\123\132\137\010\156\070\142\017}{section.14}% 151
\BOOKMARK [2][-]{subsection.14.6}{\376\377\135\364\116\300\123\132\131\125}{section.14}% 152
\BOOKMARK [2][-]{subsection.14.7}{\376\377\132\001\117\120\131\053\123\132\137\010}{section.14}% 153
\BOOKMARK [2][-]{subsection.14.8}{\376\377\226\066\150\257\123\132\131\125}{section.14}% 154
\BOOKMARK [2][-]{subsection.14.9}{\376\377\126\376\116\012\122\040\217\271\156\070\142\017}{section.14}% 155
\BOOKMARK [3][-]{subsubsection.14.9.1}{\376\377\224\376\166\204\122\040\217\271\156\070\142\017}{subsection.14.9}% 156
\BOOKMARK [3][-]{subsubsection.14.9.2}{\376\377\150\021\166\204\122\040\217\271\156\070\142\017}{subsection.14.9}% 157
\BOOKMARK [3][-]{subsubsection.14.9.3}{\376\377\134\100\220\350\217\336\220\032\126\376\166\204\122\040\217\271\156\070\142\017}{subsection.14.9}% 158
\BOOKMARK [2][-]{subsection.14.10}{\376\377\136\070\165\050\145\160\133\146\121\154\137\017}{section.14}% 159
\BOOKMARK [2][-]{subsection.14.11}{\376\377\154\102\124\214\121\154\137\017}{section.14}% 160
\BOOKMARK [2][-]{subsection.14.12}{\376\377\145\220\154\342\220\243\131\121\145\160\122\027}{section.14}% 161
\BOOKMARK [2][-]{subsection.14.13}{\376\377\225\031\143\222\121\154\137\017}{section.14}% 162
\BOOKMARK [2][-]{subsection.14.14}{\376\377\203\253\153\324\116\114\145\257\121\375\145\160}{section.14}% 163
\BOOKMARK [2][-]{subsection.14.15}{\376\377\000B\000u\000r\000n\000s\000i\000d\000e\137\025\164\006}{section.14}% 164
\BOOKMARK [2][-]{subsection.14.16}{\376\377\116\224\217\271\137\142\145\160\133\232\164\006}{section.14}% 165
\BOOKMARK [2][-]{subsection.14.17}{\376\377\150\021\166\204\213\241\145\160}{section.14}% 166
\BOOKMARK [2][-]{subsection.14.18}{\376\377\153\047\142\311\121\154\137\017}{section.14}% 167
\BOOKMARK [2][-]{subsection.14.19}{\376\377\166\256\121\113\133\232\164\006}{section.14}% 168
\BOOKMARK [2][-]{subsection.14.20}{\376\377\162\133\230\177\140\122\173\111\137\017}{section.14}% 169
\BOOKMARK [1][-]{section.15}{\376\377\136\163\227\142\121\340\117\125\121\154\137\017}{}% 170
\BOOKMARK [2][-]{subsection.15.1}{\376\377\116\011\211\322\137\142}{section.15}% 171
\BOOKMARK [2][-]{subsection.15.2}{\376\377\126\333\217\271\137\142}{section.15}% 172
\BOOKMARK [2][-]{subsection.15.3}{\376\377\153\143\000n\217\271\137\142}{section.15}% 173
\BOOKMARK [2][-]{subsection.15.4}{\376\377\127\006}{section.15}% 174
\BOOKMARK [2][-]{subsection.15.5}{\376\377\150\361\147\361}{section.15}% 175
\BOOKMARK [2][-]{subsection.15.6}{\376\377\150\361\225\045}{section.15}% 176
\BOOKMARK [2][-]{subsection.15.7}{\376\377\150\361\123\360}{section.15}% 177
\BOOKMARK [2][-]{subsection.15.8}{\376\377\127\006\147\361}{section.15}% 178
\BOOKMARK [2][-]{subsection.15.9}{\376\377\127\006\225\045}{section.15}% 179
\BOOKMARK [2][-]{subsection.15.10}{\376\377\127\006\123\360}{section.15}% 180
\BOOKMARK [2][-]{subsection.15.11}{\376\377\164\003}{section.15}% 181
\BOOKMARK [2][-]{subsection.15.12}{\376\377\164\003\123\360}{section.15}% 182
\BOOKMARK [2][-]{subsection.15.13}{\376\377\164\003\142\107\137\142}{section.15}% 183
\BOOKMARK [1][-]{section.16}{\376\377\172\313\117\123\121\340\117\125\121\154\137\017}{}% 184
\BOOKMARK [2][-]{subsection.16.1}{\376\377\164\003\227\142\116\011\211\322\121\154\137\017}{section.16}% 185
\BOOKMARK [2][-]{subsection.16.2}{\376\377\126\333\227\142\117\123\117\123\171\357\121\154\137\017}{section.16}% 186
\BOOKMARK [1][-]{section.17}{\376\377\226\104\137\125}{}% 187
\BOOKMARK [2][-]{subsection.17.1}{\376\377\000N\000T\000T\175\040\145\160\123\312\123\237\150\071\122\027\210\150}{section.17}% 188
\BOOKMARK [2][-]{subsection.17.2}{\376\377\000c\000h\000e\000a\000t\000.\000p\000d\000f}{section.17}% 189
